<?xml version="1.0" encoding="UTF-8"?>
<testng-results ignored="0" total="2" passed="2" failed="0" skipped="0">
  <reporter-output>
  </reporter-output>
  <suite started-at="2020-04-23T03:00:58 EDT" name="com.tests.LoginTest" finished-at="2020-04-23T03:01:08 EDT" duration-ms="9581">
    <groups>
    </groups>
    <test started-at="2020-04-23T03:00:58 EDT" name="Command line test" finished-at="2020-04-23T03:01:08 EDT" duration-ms="9581">
      <class name="com.tests.LoginTest">
        <test-method is-config="true" signature="setUp()[pri:0, instance:com.tests.LoginTest@6a396c1e]" started-at="2020-04-23T03:00:58 EDT" name="setUp" finished-at="2020-04-23T03:01:02 EDT" duration-ms="3877" status="PASS">
          <reporter-output>
          </reporter-output>
        </test-method> <!-- setUp -->
        <test-method signature="freeCRMTitle()[pri:0, instance:com.tests.LoginTest@6a396c1e]" started-at="2020-04-23T03:01:02 EDT" name="freeCRMTitle" finished-at="2020-04-23T03:01:02 EDT" duration-ms="18" status="PASS">
          <reporter-output>
          </reporter-output>
        </test-method> <!-- freeCRMTitle -->
        <test-method is-config="true" signature="tearDown()[pri:0, instance:com.tests.LoginTest@6a396c1e]" started-at="2020-04-23T03:01:02 EDT" name="tearDown" finished-at="2020-04-23T03:01:03 EDT" duration-ms="586" status="PASS">
          <reporter-output>
          </reporter-output>
        </test-method> <!-- tearDown -->
        <test-method is-config="true" signature="setUp()[pri:0, instance:com.tests.LoginTest@6a396c1e]" started-at="2020-04-23T03:01:03 EDT" name="setUp" finished-at="2020-04-23T03:01:07 EDT" duration-ms="4454" status="PASS">
          <reporter-output>
          </reporter-output>
        </test-method> <!-- setUp -->
        <test-method signature="freeCRmLogoTest()[pri:0, instance:com.tests.LoginTest@6a396c1e]" started-at="2020-04-23T03:01:07 EDT" name="freeCRmLogoTest" finished-at="2020-04-23T03:01:07 EDT" duration-ms="41" status="PASS">
          <reporter-output>
          </reporter-output>
        </test-method> <!-- freeCRmLogoTest -->
        <test-method is-config="true" signature="tearDown()[pri:0, instance:com.tests.LoginTest@6a396c1e]" started-at="2020-04-23T03:01:07 EDT" name="tearDown" finished-at="2020-04-23T03:01:08 EDT" duration-ms="579" status="PASS">
          <reporter-output>
          </reporter-output>
        </test-method> <!-- tearDown -->
      </class> <!-- com.tests.LoginTest -->
    </test> <!-- Command line test -->
  </suite> <!-- com.tests.LoginTest -->
</testng-results>
